<?xml version="1.0" encoding="UTF-8"?>
<testsuite xmlns:xsi="http://www.w3.org/2001/XMLSchema-instance" xsi:noNamespaceSchemaLocation="https://maven.apache.org/surefire/maven-surefire-plugin/xsd/surefire-test-report-3.0.xsd" version="3.0" name="srsc.fserver.FServerApplicationTests" time="1.214" tests="1" errors="0" skipped="0" failures="0">
  <properties>
[...]
</properties>
  <testcase name="contextLoads" classname="srsc.fserver.FServerApplicationTests" time="0.414">
    <system-out><![CDATA[16:11:25.707 [main] INFO org.springframework.test.context.support.AnnotationConfigContextLoaderUtils -- Could not detect default configuration classes for test class [srsc.fserver.FServerApplicationTests]: FServerApplicationTests does not declare any static, non-private, non-final, nested classes annotated with @Configuration.
16:11:25.745 [main] INFO org.springframework.boot.test.context.SpringBootTestContextBootstrapper -- Found @SpringBootConfiguration srsc.fserver.FServerApplication for test class srsc.fserver.FServerApplicationTests

  .   ____          _            __ _ _
 /\\ / ___'_ __ _ _(_)_ __  __ _ \ \ \ \
( ( )\___ | '_ | '_| | '_ \/ _` | \ \ \ \
 \\/  ___)| |_)| | | | | || (_| |  ) ) ) )
  '  |____| .__|_| |_|_| |_\__, | / / / /
 =========|_|==============|___/=/_/_/_/
 :: Spring Boot ::                (v3.1.5)

2023-11-21T16:11:25.883Z  INFO 37205 --- [           main] srsc.fserver.FServerApplicationTests     : Starting FServerApplicationTests using Java 21 with PID 37205 (started by tjfernandes in /Users/tjfernandes/Documents/Faculdade/SRSC/TP2/FServer)
2023-11-21T16:11:25.884Z  INFO 37205 --- [           main] srsc.fserver.FServerApplicationTests     : No active profile set, falling back to 1 default profile: "default"
2023-11-21T16:11:26.328Z  WARN 37205 --- [           main] .s.s.UserDetailsServiceAutoConfiguration : 

Using generated security password: e7990fb0-1c70-4564-9c5e-b60557e13ee9

This generated password is for development use only. Your security configuration must be updated before running your application in production.

2023-11-21T16:11:26.396Z  INFO 37205 --- [           main] o.s.s.web.DefaultSecurityFilterChain     : Will secure any request with [org.springframework.security.web.session.DisableEncodeUrlFilter@45ab3bdd, org.springframework.security.web.context.request.async.WebAsyncManagerIntegrationFilter@2f10f633, org.springframework.security.web.context.SecurityContextHolderFilter@4a92c6a9, org.springframework.security.web.header.HeaderWriterFilter@4c6b4ed7, org.springframework.security.web.csrf.CsrfFilter@68f6e55d, org.springframework.security.web.authentication.logout.LogoutFilter@6bcb12e6, org.springframework.security.web.authentication.UsernamePasswordAuthenticationFilter@30ec7d21, org.springframework.security.web.authentication.ui.DefaultLoginPageGeneratingFilter@2be21396, org.springframework.security.web.authentication.ui.DefaultLogoutPageGeneratingFilter@1642eeae, org.springframework.security.web.authentication.www.BasicAuthenticationFilter@51b77cdf, org.springframework.security.web.savedrequest.RequestCacheAwareFilter@4cb702ce, org.springframework.security.web.servletapi.SecurityContextHolderAwareRequestFilter@5b88b8e, org.springframework.security.web.authentication.AnonymousAuthenticationFilter@3440e9cd, org.springframework.security.web.access.ExceptionTranslationFilter@39ee94de, org.springframework.security.web.access.intercept.AuthorizationFilter@558b4942]
2023-11-21T16:11:26.411Z  INFO 37205 --- [           main] srsc.fserver.FServerApplicationTests     : Started FServerApplicationTests in 0.614 seconds (process running for 1.01)
]]></system-out>
    <system-err><![CDATA[WARNING: A Java agent has been loaded dynamically (/Users/tjfernandes/.m2/repository/net/bytebuddy/byte-buddy-agent/1.14.9/byte-buddy-agent-1.14.9.jar)
WARNING: If a serviceability tool is in use, please run with -XX:+EnableDynamicAgentLoading to hide this warning
WARNING: If a serviceability tool is not in use, please run with -Djdk.instrument.traceUsage for more information
WARNING: Dynamic loading of agents will be disallowed by default in a future release
]]></system-err>
  </testcase>
</testsuite>